[2024-07-16 18:29:22,647] INFO	routes.py - log_request_info:():15 -> Request started: POST /api/user
[2024-07-16 18:29:22,650] INFO	routes.py - log_request_info:():16 -> Request data: b'{"username":"testuser2", "password":"testpassword"}'
[2024-07-16 18:29:22,907] INFO	routes.py - log_response_info:():22 -> Exit Method:  POST /api/user
[2024-07-16 18:29:22,910] INFO	routes.py - log_response_info:():23 -> Return Response:  <Response 40 bytes [201 CREATED]>
[2024-07-16 18:29:29,196] INFO	routes.py - log_request_info:():15 -> Request started: POST /api/login
[2024-07-16 18:29:29,197] INFO	routes.py - log_request_info:():16 -> Request data: b'{"username":"testuser", "password":"testpassword"}'
[2024-07-16 18:29:29,204] INFO	routes.py - log_response_info:():22 -> Exit Method:  POST /api/login
[2024-07-16 18:29:29,205] INFO	routes.py - log_response_info:():23 -> Return Response:  <Response 41 bytes [401 UNAUTHORIZED]>
[2024-07-16 18:30:03,819] INFO	routes.py - log_request_info:():15 -> Request started: POST /api/login
[2024-07-16 18:30:03,821] INFO	routes.py - log_request_info:():16 -> Request data: b'{"username":"testuser", "password":"testpassword"}'
[2024-07-16 18:30:03,875] INFO	routes.py - log_response_info:():22 -> Exit Method:  POST /api/login
[2024-07-16 18:30:03,876] INFO	routes.py - log_response_info:():23 -> Return Response:  <Response 41 bytes [401 UNAUTHORIZED]>
[2024-07-16 18:30:25,488] INFO	routes.py - log_request_info:():15 -> Request started: POST /api/user
[2024-07-16 18:30:25,490] INFO	routes.py - log_request_info:():16 -> Request data: b'{"username":"testuser", "password":"testpassword"}'
[2024-07-16 18:30:25,648] INFO	routes.py - log_response_info:():22 -> Exit Method:  POST /api/user
[2024-07-16 18:30:25,649] INFO	routes.py - log_response_info:():23 -> Return Response:  <Response 40 bytes [201 CREATED]>
[2024-07-16 18:30:35,669] INFO	routes.py - log_request_info:():15 -> Request started: POST /api/login
[2024-07-16 18:30:35,670] INFO	routes.py - log_request_info:():16 -> Request data: b'{"username":"testuser", "password":"testpassword"}'
[2024-07-16 18:30:35,879] INFO	routes.py - log_response_info:():22 -> Exit Method:  POST /api/login
[2024-07-16 18:30:35,880] INFO	routes.py - log_response_info:():23 -> Return Response:  <Response 343 bytes [200 OK]>
[2024-07-16 18:30:44,369] INFO	routes.py - log_request_info:():15 -> Request started: POST /api/login
[2024-07-16 18:30:44,371] INFO	routes.py - log_request_info:():16 -> Request data: b'{"username":"testuser", "password":"testpassword"}'
[2024-07-16 18:30:44,494] INFO	routes.py - log_response_info:():22 -> Exit Method:  POST /api/login
[2024-07-16 18:30:44,496] INFO	routes.py - log_response_info:():23 -> Return Response:  <Response 343 bytes [200 OK]>
[2024-07-16 18:31:03,692] INFO	routes.py - log_request_info:():15 -> Request started: GET /api/protected
[2024-07-16 18:31:03,693] INFO	routes.py - log_request_info:():16 -> Request data: b''
[2024-07-16 18:31:03,695] INFO	routes.py - log_response_info:():22 -> Exit Method:  GET /api/protected
[2024-07-16 18:31:03,696] INFO	routes.py - log_response_info:():23 -> Return Response:  <Response 41 bytes [200 OK]>
